# JRE version: OpenJDK Runtime Environment Temurin-21.0.10+7 (21.0.10+7) (build 21.0.10+7-LTS)
# Java VM: OpenJDK 64-Bit Server VM Temurin-21.0.10+7 (21.0.10+7-LTS, mixed mode, sharing, tiered, compressed oops, compressed class ptrs, g1 gc, windows-amd64)
GC Precious Log:
 CardTable entry size: 512
 Card Set container configuration: InlinePtr #cards 4 size 8 Array Of Cards #cards 32 size 80 Howl #buckets 8 coarsen threshold 7372 Howl Bitmap #cards 1024 size 144 coarsen threshold 921 Card regions per heap region 1 cards per card region 8192
 CPUs: 18 total, 18 available
 Memory: 32233M
 Large Page Support: Disabled
 NUMA Support: Disabled
 Compressed Oops: Enabled (Zero based)
 Heap Region Size: 4M
 Heap Min Capacity: 8M
 Heap Initial Capacity: 504M
 Heap Max Capacity: 8060M
 Pre-touch: Disabled
 Parallel Workers: 14
 Concurrent Workers: 4
 Concurrent Refinement Workers: 14
 Periodic GC: Disabled
Heap:
 garbage-first heap   total 745472K, used 551028K [0x0000000608400000, 0x0000000800000000)
  region size 4096K, 6 young (24576K), 6 survivors (24576K)
 Metaspace       used 16521K, committed 16960K, reserved 1114112K
  class space    used 1598K, committed 1792K, reserved 1048576K
GC Heap History (20 events):
Event: 3.600 GC heap after
{Heap after GC invocations=2 (full 0):
 garbage-first heap   total 516096K, used 8185K [0x0000000608400000, 0x0000000800000000)
  region size 4096K, 1 young (4096K), 1 survivors (4096K)
 Metaspace       used 4243K, committed 4416K, reserved 1114112K
  class space    used 357K, committed 448K, reserved 1048576K
}
Event: 4.643 GC heap before
{Heap before GC invocations=2 (full 0):
 garbage-first heap   total 516096K, used 65529K [0x0000000608400000, 0x0000000800000000)
  region size 4096K, 15 young (61440K), 1 survivors (4096K)
 Metaspace       used 4348K, committed 4544K, reserved 1114112K
  class space    used 357K, committed 448K, reserved 1048576K
}
Event: 4.656 GC heap after
{Heap after GC invocations=3 (full 0):
 garbage-first heap   total 516096K, used 13515K [0x0000000608400000, 0x0000000800000000)
  region size 4096K, 2 young (8192K), 2 survivors (8192K)
 Metaspace       used 4348K, committed 4544K, reserved 1114112K
  class space    used 357K, committed 448K, reserved 1048576K
}
Event: 7.714 GC heap before
{Heap before GC invocations=3 (full 0):
 garbage-first heap   total 516096K, used 165067K [0x0000000608400000, 0x0000000800000000)
  region size 4096K, 39 young (159744K), 2 survivors (8192K)
 Metaspace       used 4537K, committed 4672K, reserved 1114112K
  class space    used 360K, committed 448K, reserved 1048576K
}
Event: 7.740 GC heap after
{Heap after GC invocations=4 (full 0):
 garbage-first heap   total 516096K, used 30123K [0x0000000608400000, 0x0000000800000000)
  region size 4096K, 5 young (20480K), 5 survivors (20480K)
 Metaspace       used 4537K, committed 4672K, reserved 1114112K
  class space    used 360K, committed 448K, reserved 1048576K
}
Event: 8.903 GC heap before
{Heap before GC invocations=4 (full 0):
 garbage-first heap   total 516096K, used 185771K [0x0000000608400000, 0x0000000800000000)
  region size 4096K, 43 young (176128K), 5 survivors (20480K)
 Metaspace       used 4604K, committed 4736K, reserved 1114112K
  class space    used 361K, committed 448K, reserved 1048576K
}
Event: 8.929 GC heap after
{Heap after GC invocations=5 (full 0):
 garbage-first heap   total 516096K, used 51768K [0x0000000608400000, 0x0000000800000000)
  region size 4096K, 5 young (20480K), 5 survivors (20480K)
 Metaspace       used 4604K, committed 4736K, reserved 1114112K
  class space    used 361K, committed 448K, reserved 1048576K
}
Event: 10.303 GC heap before
{Heap before GC invocations=5 (full 0):
 garbage-first heap   total 516096K, used 313912K [0x0000000608400000, 0x0000000800000000)
  region size 4096K, 69 young (282624K), 5 survivors (20480K)
 Metaspace       used 4684K, committed 4864K, reserved 1114112K
  class space    used 361K, committed 448K, reserved 1048576K
}
Event: 10.334 GC heap after
{Heap after GC invocations=6 (full 0):
 garbage-first heap   total 516096K, used 82711K [0x0000000608400000, 0x0000000800000000)
  region size 4096K, 9 young (36864K), 9 survivors (36864K)
 Metaspace       used 4684K, committed 4864K, reserved 1114112K
  class space    used 361K, committed 448K, reserved 1048576K
}
Event: 11.372 GC heap before
{Heap before GC invocations=6 (full 0):
 garbage-first heap   total 516096K, used 283415K [0x0000000608400000, 0x0000000800000000)
  region size 4096K, 58 young (237568K), 9 survivors (36864K)
 Metaspace       used 4698K, committed 4864K, reserved 1114112K
  class space    used 361K, committed 448K, reserved 1048576K
}
Event: 11.399 GC heap after
{Heap after GC invocations=7 (full 0):
 garbage-first heap   total 622592K, used 111783K [0x0000000608400000, 0x0000000800000000)
  region size 4096K, 7 young (28672K), 7 survivors (28672K)
 Metaspace       used 4698K, committed 4864K, reserved 1114112K
  class space    used 361K, committed 448K, reserved 1048576K
}
Event: 13.566 GC heap before
{Heap before GC invocations=7 (full 0):
 garbage-first heap   total 622592K, used 308391K [0x0000000608400000, 0x0000000800000000)
  region size 4096K, 55 young (225280K), 7 survivors (28672K)
 Metaspace       used 7271K, committed 7552K, reserved 1114112K
  class space    used 667K, committed 768K, reserved 1048576K
}
Event: 13.597 GC heap after
{Heap after GC invocations=8 (full 0):
 garbage-first heap   total 622592K, used 139944K [0x0000000608400000, 0x0000000800000000)
  region size 4096K, 7 young (28672K), 7 survivors (28672K)
 Metaspace       used 7271K, committed 7552K, reserved 1114112K
  class space    used 667K, committed 768K, reserved 1048576K
}
Event: 13.598 GC heap before
{Heap before GC invocations=8 (full 0):
 garbage-first heap   total 622592K, used 144040K [0x0000000608400000, 0x0000000800000000)
  region size 4096K, 8 young (32768K), 7 survivors (28672K)
 Metaspace       used 7271K, committed 7552K, reserved 1114112K
  class space    used 667K, committed 768K, reserved 1048576K
}
Event: 13.619 GC heap after
{Heap after GC invocations=9 (full 0):
 garbage-first heap   total 622592K, used 141905K [0x0000000608400000, 0x0000000800000000)
  region size 4096K, 1 young (4096K), 1 survivors (4096K)
 Metaspace       used 7271K, committed 7552K, reserved 1114112K
  class space    used 667K, committed 768K, reserved 1048576K
}
Event: 19.319 GC heap before
{Heap before GC invocations=9 (full 0):
 garbage-first heap   total 622592K, used 535121K [0x0000000608400000, 0x0000000800000000)
  region size 4096K, 65 young (266240K), 1 survivors (4096K)
 Metaspace       used 16510K, committed 16896K, reserved 1114112K
  class space    used 1624K, committed 1792K, reserved 1048576K
}
Event: 19.344 GC heap after
{Heap after GC invocations=10 (full 0):
 garbage-first heap   total 622592K, used 347836K [0x0000000608400000, 0x0000000800000000)
  region size 4096K, 12 young (49152K), 12 survivors (49152K)
 Metaspace       used 16510K, committed 16896K, reserved 1114112K
  class space    used 1624K, committed 1792K, reserved 1048576K
}
Event: 21.448 GC heap before
{Heap before GC invocations=11 (full 0):
 garbage-first heap   total 638976K, used 638652K [0x0000000608400000, 0x0000000800000000)
  region size 4096K, 31 young (126976K), 12 survivors (49152K)
 Metaspace       used 16462K, committed 16896K, reserved 1114112K
  class space    used 1598K, committed 1792K, reserved 1048576K
}
Event: 21.479 GC heap after
{Heap after GC invocations=12 (full 0):
 garbage-first heap   total 704512K, used 447467K [0x0000000608400000, 0x0000000800000000)
  region size 4096K, 3 young (12288K), 3 survivors (12288K)
 Metaspace       used 16462K, committed 16896K, reserved 1114112K
  class space    used 1598K, committed 1792K, reserved 1048576K
}
Event: 22.763 GC heap before
{Heap before GC invocations=12 (full 0):
 garbage-first heap   total 712704K, used 709611K [0x0000000608400000, 0x0000000800000000)
  region size 4096K, 35 young (143360K), 3 survivors (12288K)
 Metaspace       used 16521K, committed 16960K, reserved 1114112K
  class space    used 1598K, committed 1792K, reserved 1048576K
}

